<?xml version="1.0" encoding="UTF-8"?>
<!-- Generated by org.testng.reporters.JUnitReportReporter -->
<testsuite hostname="DESKTOP-KU0MUL7" failures="0" tests="10" name="com.swagLabs.swagLabs" time="10.214" errors="0" timestamp="2023-05-14T19:09:16 IST" skipped="0">
  <testcase classname="com.swagLabs.swagLabs" name="testingLogin" time="0.296"/>
  <system-out/>
  <testcase classname="com.swagLabs.swagLabs" name="testingLogin" time="0.341"/>
  <system-out/>
  <testcase classname="com.swagLabs.swagLabs" name="testingLogin" time="5.433"/>
  <system-out/>
  <testcase classname="com.swagLabs.swagLabs" name="testingLogin" time="0.266"/>
  <system-out/>
  <testcase classname="com.swagLabs.swagLabs" name="testingLogin" time="0.294"/>
  <system-out/>
  <testcase classname="com.swagLabs.swagLabs" name="testingLogin" time="0.669"/>
  <system-out/>
  <testcase classname="com.swagLabs.swagLabs" name="verifyLogoOnHomepage" time="1.152"/>
  <system-out/>
  <testcase classname="com.swagLabs.swagLabs" name="verifyHamburgerMenu" time="0.513"/>
  <system-out/>
  <testcase classname="com.swagLabs.swagLabs" name="verifyProductsOnHomepage" time="0.710"/>
  <system-out/>
  <testcase classname="com.swagLabs.swagLabs" name="testingTheFilterSorting" time="0.540"/>
  <system-out/>
</testsuite> <!-- com.swagLabs.swagLabs -->
