<?xml version="1.0" encoding="UTF-8"?>
<!-- Generated by org.testng.reporters.JUnitReportReporter -->
<testsuite hostname="DESKTOP-KU0MUL7" failures="0" tests="5" name="com.swagLabs.Case1EV" time="5.521" errors="0" timestamp="2023-05-08T23:56:20 IST" skipped="4">
  <testcase classname="com.swagLabs.Case1EV" name="test5" time="5.521"/>
  <system-out/>
  <testcase classname="com.swagLabs.Case1EV" name="test4">
    <skipped/>
  </testcase> <!-- test4 -->
  <system-out/>
  <testcase classname="com.swagLabs.Case1EV" name="test2">
    <skipped/>
  </testcase> <!-- test2 -->
  <system-out/>
  <testcase classname="com.swagLabs.Case1EV" name="test3">
    <skipped/>
  </testcase> <!-- test3 -->
  <system-out/>
  <testcase classname="com.swagLabs.Case1EV" name="test1">
    <skipped/>
  </testcase> <!-- test1 -->
  <system-out/>
</testsuite> <!-- com.swagLabs.Case1EV -->
