<?xml version="1.0" encoding="UTF-8"?>
<!-- Generated by org.testng.reporters.JUnitReportReporter -->
<testsuite hostname="DESKTOP-KU0MUL7" failures="0" tests="10" name="com.swagLabs.swagLabs" time="15.019" errors="0" timestamp="2023-05-15T12:41:04 IST" skipped="0">
  <testcase classname="com.swagLabs.swagLabs" name="testingLogin" time="0.608"/>
  <system-out/>
  <testcase classname="com.swagLabs.swagLabs" name="testingLogin" time="0.958"/>
  <system-out/>
  <testcase classname="com.swagLabs.swagLabs" name="testingLogin" time="7.054"/>
  <system-out/>
  <testcase classname="com.swagLabs.swagLabs" name="testingLogin" time="1.389"/>
  <system-out/>
  <testcase classname="com.swagLabs.swagLabs" name="testingLogin" time="0.556"/>
  <system-out/>
  <testcase classname="com.swagLabs.swagLabs" name="testingLogin" time="0.492"/>
  <system-out/>
  <testcase classname="com.swagLabs.swagLabs" name="verifyLogoOnHomepage" time="0.798"/>
  <system-out/>
  <testcase classname="com.swagLabs.swagLabs" name="verifyHamburgerMenu" time="0.966"/>
  <system-out/>
  <testcase classname="com.swagLabs.swagLabs" name="testingTheFilterSorting" time="0.981"/>
  <system-out/>
  <testcase classname="com.swagLabs.swagLabs" name="verifyProductsOnHomepage" time="1.217"/>
  <system-out/>
</testsuite> <!-- com.swagLabs.swagLabs -->
