<?xml version="1.0" encoding="UTF-8"?>
<!-- Generated by org.testng.reporters.JUnitReportReporter -->
<testsuite hostname="DESKTOP-KU0MUL7" failures="0" tests="10" name="com.swagLabs.swagLabs" time="18.967" errors="0" timestamp="2023-05-15T12:14:07 IST" skipped="0">
  <testcase classname="com.swagLabs.swagLabs" name="testingLogin" time="8.141"/>
  <system-out/>
  <testcase classname="com.swagLabs.swagLabs" name="testingLogin" time="0.589"/>
  <system-out/>
  <testcase classname="com.swagLabs.swagLabs" name="testingLogin" time="1.339"/>
  <system-out/>
  <testcase classname="com.swagLabs.swagLabs" name="testingLogin" time="1.092"/>
  <system-out/>
  <testcase classname="com.swagLabs.swagLabs" name="testingLogin" time="0.575"/>
  <system-out/>
  <testcase classname="com.swagLabs.swagLabs" name="testingLogin" time="2.645"/>
  <system-out/>
  <testcase classname="com.swagLabs.swagLabs" name="verifyLogoOnHomepage" time="0.836"/>
  <system-out/>
  <testcase classname="com.swagLabs.swagLabs" name="verifyHamburgerMenu" time="1.120"/>
  <system-out/>
  <testcase classname="com.swagLabs.swagLabs" name="verifyProductsOnHomepage" time="1.418"/>
  <system-out/>
  <testcase classname="com.swagLabs.swagLabs" name="testingTheFilterSorting" time="1.212"/>
  <system-out/>
</testsuite> <!-- com.swagLabs.swagLabs -->
